<?xml version="1.0" encoding="UTF-8"?>
<!-- Generated by org.testng.reporters.JUnitReportReporter -->
<testsuite skipped="0" hostname="LAPTOP-N43QMCDA" name="com.testingwebsite.testCase.TC00001" tests="1" failures="0" timestamp="24 Jan 2020 05:46:37 GMT" time="2.422" errors="0">
  <testcase name="loginTest" time="2.422" classname="com.testingwebsite.testCase.TC00001"/>
</testsuite> <!-- com.testingwebsite.testCase.TC00001 -->
